# JRE version: OpenJDK Runtime Environment (17.0.6) (build 17.0.6+0-b2043.56-9746777)
# Java VM: OpenJDK 64-Bit Server VM (17.0.6+0-b2043.56-9746777, mixed mode, tiered, compressed oops, compressed class ptrs, g1 gc, windows-amd64)
GC Precious Log:
 CPUs: 12 total, 12 available
 Memory: 16254M
 Large Page Support: Disabled
 NUMA Support: Disabled
 Compressed Oops: Enabled (Zero based)
 Heap Region Size: 4M
 Heap Min Capacity: 8M
 Heap Initial Capacity: 256M
 Heap Max Capacity: 4608M
 Pre-touch: Disabled
 Parallel Workers: 10
 Concurrent Workers: 3
 Concurrent Refinement Workers: 10
 Periodic GC: Disabled
Heap:
 garbage-first heap   total 1327104K, used 789764K [0x00000006e0000000, 0x0000000800000000)
  region size 4096K, 69 young (282624K), 2 survivors (8192K)
 Metaspace       used 170084K, committed 171776K, reserved 1204224K
  class space    used 22663K, committed 23488K, reserved 1048576K
GC Heap History (20 events):
Event: 2439.295 GC heap before
{Heap before GC invocations=66 (full 0):
 garbage-first heap   total 811008K, used 658895K [0x00000006e0000000, 0x0000000800000000)
  region size 4096K, 90 young (368640K), 4 survivors (16384K)
 Metaspace       used 154798K, committed 156224K, reserved 1187840K
  class space    used 21108K, committed 21760K, reserved 1048576K
}
Event: 2439.317 GC heap after
{Heap after GC invocations=67 (full 0):
 garbage-first heap   total 811008K, used 320375K [0x00000006e0000000, 0x0000000800000000)
  region size 4096K, 7 young (28672K), 7 survivors (28672K)
 Metaspace       used 154798K, committed 156224K, reserved 1187840K
  class space    used 21108K, committed 21760K, reserved 1048576K
}
Event: 3114.921 GC heap before
{Heap before GC invocations=67 (full 0):
 garbage-first heap   total 811008K, used 660343K [0x00000006e0000000, 0x0000000800000000)
  region size 4096K, 91 young (372736K), 7 survivors (28672K)
 Metaspace       used 155411K, committed 156864K, reserved 1187840K
  class space    used 21130K, committed 21824K, reserved 1048576K
}
Event: 3115.081 GC heap after
{Heap after GC invocations=68 (full 0):
 garbage-first heap   total 811008K, used 337995K [0x00000006e0000000, 0x0000000800000000)
  region size 4096K, 10 young (40960K), 10 survivors (40960K)
 Metaspace       used 155411K, committed 156864K, reserved 1187840K
  class space    used 21130K, committed 21824K, reserved 1048576K
}
Event: 3118.767 GC heap before
{Heap before GC invocations=68 (full 0):
 garbage-first heap   total 811008K, used 645195K [0x00000006e0000000, 0x0000000800000000)
  region size 4096K, 86 young (352256K), 10 survivors (40960K)
 Metaspace       used 158296K, committed 159808K, reserved 1187840K
  class space    used 21342K, committed 22016K, reserved 1048576K
}
Event: 3118.835 GC heap after
{Heap after GC invocations=69 (full 0):
 garbage-first heap   total 811008K, used 356453K [0x00000006e0000000, 0x0000000800000000)
  region size 4096K, 5 young (20480K), 5 survivors (20480K)
 Metaspace       used 158296K, committed 159808K, reserved 1187840K
  class space    used 21342K, committed 22016K, reserved 1048576K
}
Event: 3273.847 GC heap before
{Heap before GC invocations=69 (full 0):
 garbage-first heap   total 811008K, used 651365K [0x00000006e0000000, 0x0000000800000000)
  region size 4096K, 78 young (319488K), 5 survivors (20480K)
 Metaspace       used 158755K, committed 160256K, reserved 1187840K
  class space    used 21365K, committed 22080K, reserved 1048576K
}
Event: 3273.861 GC heap after
{Heap after GC invocations=70 (full 0):
 garbage-first heap   total 811008K, used 355152K [0x00000006e0000000, 0x0000000800000000)
  region size 4096K, 5 young (20480K), 5 survivors (20480K)
 Metaspace       used 158755K, committed 160256K, reserved 1187840K
  class space    used 21365K, committed 22080K, reserved 1048576K
}
Event: 3275.964 GC heap before
{Heap before GC invocations=70 (full 0):
 garbage-first heap   total 811008K, used 658256K [0x00000006e0000000, 0x0000000800000000)
  region size 4096K, 80 young (327680K), 5 survivors (20480K)
 Metaspace       used 164355K, committed 165888K, reserved 1196032K
  class space    used 22024K, committed 22720K, reserved 1048576K
}
Event: 3276.020 GC heap after
{Heap after GC invocations=71 (full 0):
 garbage-first heap   total 811008K, used 395963K [0x00000006e0000000, 0x0000000800000000)
  region size 4096K, 10 young (40960K), 10 survivors (40960K)
 Metaspace       used 164355K, committed 165888K, reserved 1196032K
  class space    used 22024K, committed 22720K, reserved 1048576K
}
Event: 3276.968 GC heap before
{Heap before GC invocations=71 (full 0):
 garbage-first heap   total 811008K, used 658107K [0x00000006e0000000, 0x0000000800000000)
  region size 4096K, 75 young (307200K), 10 survivors (40960K)
 Metaspace       used 165516K, committed 167232K, reserved 1196032K
  class space    used 22150K, committed 22976K, reserved 1048576K
}
Event: 3277.168 GC heap after
{Heap after GC invocations=72 (full 0):
 garbage-first heap   total 811008K, used 475136K [0x00000006e0000000, 0x0000000800000000)
  region size 4096K, 10 young (40960K), 10 survivors (40960K)
 Metaspace       used 165516K, committed 167232K, reserved 1196032K
  class space    used 22150K, committed 22976K, reserved 1048576K
}
Event: 3277.724 GC heap before
{Heap before GC invocations=72 (full 0):
 garbage-first heap   total 811008K, used 651264K [0x00000006e0000000, 0x0000000800000000)
  region size 4096K, 53 young (217088K), 10 survivors (40960K)
 Metaspace       used 166483K, committed 168128K, reserved 1196032K
  class space    used 22272K, committed 23040K, reserved 1048576K
}
Event: 3277.761 GC heap after
{Heap after GC invocations=73 (full 0):
 garbage-first heap   total 811008K, used 500875K [0x00000006e0000000, 0x0000000800000000)
  region size 4096K, 7 young (28672K), 7 survivors (28672K)
 Metaspace       used 166483K, committed 168128K, reserved 1196032K
  class space    used 22272K, committed 23040K, reserved 1048576K
}
Event: 3278.331 GC heap before
{Heap before GC invocations=73 (full 0):
 garbage-first heap   total 811008K, used 648331K [0x00000006e0000000, 0x0000000800000000)
  region size 4096K, 44 young (180224K), 7 survivors (28672K)
 Metaspace       used 167186K, committed 168832K, reserved 1196032K
  class space    used 22386K, committed 23168K, reserved 1048576K
}
Event: 3278.358 GC heap after
{Heap after GC invocations=74 (full 0):
 garbage-first heap   total 811008K, used 517084K [0x00000006e0000000, 0x0000000800000000)
  region size 4096K, 4 young (16384K), 4 survivors (16384K)
 Metaspace       used 167186K, committed 168832K, reserved 1196032K
  class space    used 22386K, committed 23168K, reserved 1048576K
}
Event: 3278.834 GC heap before
{Heap before GC invocations=74 (full 0):
 garbage-first heap   total 811008K, used 660444K [0x00000006e0000000, 0x0000000800000000)
  region size 4096K, 40 young (163840K), 4 survivors (16384K)
 Metaspace       used 168116K, committed 169792K, reserved 1196032K
  class space    used 22505K, committed 23296K, reserved 1048576K
}
Event: 3278.848 GC heap after
{Heap after GC invocations=75 (full 0):
 garbage-first heap   total 811008K, used 520437K [0x00000006e0000000, 0x0000000800000000)
  region size 4096K, 2 young (8192K), 2 survivors (8192K)
 Metaspace       used 168116K, committed 169792K, reserved 1196032K
  class space    used 22505K, committed 23296K, reserved 1048576K
}
Event: 3279.336 GC heap before
{Heap before GC invocations=75 (full 0):
 garbage-first heap   total 811008K, used 671989K [0x00000006e0000000, 0x0000000800000000)
  region size 4096K, 39 young (159744K), 2 survivors (8192K)
 Metaspace       used 169171K, committed 170816K, reserved 1204224K
  class space    used 22632K, committed 23424K, reserved 1048576K
}
Event: 3279.352 GC heap after
{Heap after GC invocations=76 (full 0):
 garbage-first heap   total 1327104K, used 523524K [0x00000006e0000000, 0x0000000800000000)
  region size 4096K, 2 young (8192K), 2 survivors (8192K)
 Metaspace       used 169171K, committed 170816K, reserved 1204224K
  class space    used 22632K, committed 23424K, reserved 1048576K
}

