# JRE version: Java(TM) SE Runtime Environment (8.0_112-b15) (build 1.8.0_112-b15)
# Java VM: Java HotSpot(TM) 64-Bit Server VM (25.112-b15 mixed mode windows-amd64 compressed oops)
Heap:
 PSYoungGen      total 439808K, used 160398K [0x00000000e0000000, 0x00000000ffb80000, 0x0000000100000000)
  eden space 368128K, 32% used [0x00000000e0000000,0x00000000e73a8230,0x00000000f6780000)
  from space 71680K, 58% used [0x00000000fb580000,0x00000000fde7b690,0x00000000ffb80000)
  to   space 75776K, 0% used [0x00000000f6780000,0x00000000f6780000,0x00000000fb180000)
 ParOldGen       total 228352K, used 108811K [0x00000000a0000000, 0x00000000adf00000, 0x00000000e0000000)
  object space 228352K, 47% used [0x00000000a0000000,0x00000000a6a42fd8,0x00000000adf00000)
 Metaspace       used 110121K, capacity 116280K, committed 116480K, reserved 1150976K
  class space    used 14101K, capacity 15263K, committed 15360K, reserved 1048576K
GC Heap History (10 events):
Event: 406.876 GC heap before
{Heap before GC invocations=24 (full 4):
 PSYoungGen      total 430592K, used 408446K [0x00000000e0000000, 0x00000000ff700000, 0x0000000100000000)
  eden space 384000K, 100% used [0x00000000e0000000,0x00000000f7700000,0x00000000f7700000)
  from space 46592K, 52% used [0x00000000f7700000,0x00000000f8edfbb0,0x00000000fa480000)
  to   space 45568K, 0% used [0x00000000fca80000,0x00000000fca80000,0x00000000ff700000)
 ParOldGen       total 228352K, used 75409K [0x00000000a0000000, 0x00000000adf00000, 0x00000000e0000000)
  object space 228352K, 33% used [0x00000000a0000000,0x00000000a49a4508,0x00000000adf00000)
 Metaspace       used 100124K, capacity 105952K, committed 106112K, reserved 1140736K
  class space    used 13057K, capacity 14197K, committed 14208K, reserved 1048576K
Event: 406.932 GC heap after
Heap after GC invocations=24 (full 4):
 PSYoungGen      total 455168K, used 45555K [0x00000000e0000000, 0x0000000100000000, 0x0000000100000000)
  eden space 409600K, 0% used [0x00000000e0000000,0x00000000e0000000,0x00000000f9000000)
  from space 45568K, 99% used [0x00000000fca80000,0x00000000ff6fcc78,0x00000000ff700000)
  to   space 57344K, 0% used [0x00000000f9000000,0x00000000f9000000,0x00000000fc800000)
 ParOldGen       total 228352K, used 87839K [0x00000000a0000000, 0x00000000adf00000, 0x00000000e0000000)
  object space 228352K, 38% used [0x00000000a0000000,0x00000000a55c7c68,0x00000000adf00000)
 Metaspace       used 100124K, capacity 105952K, committed 106112K, reserved 1140736K
  class space    used 13057K, capacity 14197K, committed 14208K, reserved 1048576K
}
Event: 411.266 GC heap before
{Heap before GC invocations=25 (full 4):
 PSYoungGen      total 455168K, used 455155K [0x00000000e0000000, 0x0000000100000000, 0x0000000100000000)
  eden space 409600K, 100% used [0x00000000e0000000,0x00000000f9000000,0x00000000f9000000)
  from space 45568K, 99% used [0x00000000fca80000,0x00000000ff6fcc78,0x00000000ff700000)
  to   space 57344K, 0% used [0x00000000f9000000,0x00000000f9000000,0x00000000fc800000)
 ParOldGen       total 228352K, used 91137K [0x00000000a0000000, 0x00000000adf00000, 0x00000000e0000000)
  object space 228352K, 39% used [0x00000000a0000000,0x00000000a5900750,0x00000000adf00000)
 Metaspace       used 107880K, capacity 113812K, committed 113920K, reserved 1148928K
  class space    used 13915K, capacity 15061K, committed 15104K, reserved 1048576K
Event: 411.308 GC heap after
Heap after GC invocations=25 (full 4):
 PSYoungGen      total 459776K, used 49924K [0x00000000e0000000, 0x0000000100000000, 0x0000000100000000)
  eden space 409600K, 0% used [0x00000000e0000000,0x00000000e0000000,0x00000000f9000000)
  from space 50176K, 99% used [0x00000000f9000000,0x00000000fc0c1128,0x00000000fc100000)
  to   space 63488K, 0% used [0x00000000fc200000,0x00000000fc200000,0x0000000100000000)
 ParOldGen       total 228352K, used 91145K [0x00000000a0000000, 0x00000000adf00000, 0x00000000e0000000)
  object space 228352K, 39% used [0x00000000a0000000,0x00000000a5902750,0x00000000adf00000)
 Metaspace       used 107880K, capacity 113812K, committed 113920K, reserved 1148928K
  class space    used 13915K, capacity 15061K, committed 15104K, reserved 1048576K
}
Event: 413.999 GC heap before
{Heap before GC invocations=26 (full 4):
 PSYoungGen      total 459776K, used 459524K [0x00000000e0000000, 0x0000000100000000, 0x0000000100000000)
  eden space 409600K, 100% used [0x00000000e0000000,0x00000000f9000000,0x00000000f9000000)
  from space 50176K, 99% used [0x00000000f9000000,0x00000000fc0c1128,0x00000000fc100000)
  to   space 63488K, 0% used [0x00000000fc200000,0x00000000fc200000,0x0000000100000000)
 ParOldGen       total 228352K, used 91146K [0x00000000a0000000, 0x00000000adf00000, 0x00000000e0000000)
  object space 228352K, 39% used [0x00000000a0000000,0x00000000a5902ba0,0x00000000adf00000)
 Metaspace       used 108961K, capacity 115020K, committed 115328K, reserved 1148928K
  class space    used 14004K, capacity 15165K, committed 15232K, reserved 1048576K
Event: 414.053 GC heap after
Heap after GC invocations=26 (full 4):
 PSYoungGen      total 428032K, used 63457K [0x00000000e0000000, 0x0000000100000000, 0x0000000100000000)
  eden space 364544K, 0% used [0x00000000e0000000,0x00000000e0000000,0x00000000f6400000)
  from space 63488K, 99% used [0x00000000fc200000,0x00000000ffff8698,0x0000000100000000)
  to   space 79872K, 0% used [0x00000000f6400000,0x00000000f6400000,0x00000000fb200000)
 ParOldGen       total 228352K, used 108051K [0x00000000a0000000, 0x00000000adf00000, 0x00000000e0000000)
  object space 228352K, 47% used [0x00000000a0000000,0x00000000a6984fa8,0x00000000adf00000)
 Metaspace       used 108961K, capacity 115020K, committed 115328K, reserved 1148928K
  class space    used 14004K, capacity 15165K, committed 15232K, reserved 1048576K
}
Event: 448.644 GC heap before
{Heap before GC invocations=27 (full 4):
 PSYoungGen      total 428032K, used 428001K [0x00000000e0000000, 0x0000000100000000, 0x0000000100000000)
  eden space 364544K, 100% used [0x00000000e0000000,0x00000000f6400000,0x00000000f6400000)
  from space 63488K, 99% used [0x00000000fc200000,0x00000000ffff8698,0x0000000100000000)
  to   space 79872K, 0% used [0x00000000f6400000,0x00000000f6400000,0x00000000fb200000)
 ParOldGen       total 228352K, used 108051K [0x00000000a0000000, 0x00000000adf00000, 0x00000000e0000000)
  object space 228352K, 47% used [0x00000000a0000000,0x00000000a6984fa8,0x00000000adf00000)
 Metaspace       used 109656K, capacity 115704K, committed 115840K, reserved 1150976K
  class space    used 14063K, capacity 15195K, committed 15232K, reserved 1048576K
Event: 448.676 GC heap after
Heap after GC invocations=27 (full 4):
 PSYoungGen      total 444416K, used 36125K [0x00000000e0000000, 0x0000000100000000, 0x0000000100000000)
  eden space 364544K, 0% used [0x00000000e0000000,0x00000000e0000000,0x00000000f6400000)
  from space 79872K, 45% used [0x00000000f6400000,0x00000000f8747750,0x00000000fb200000)
  to   space 76288K, 0% used [0x00000000fb580000,0x00000000fb580000,0x0000000100000000)
 ParOldGen       total 228352K, used 108803K [0x00000000a0000000, 0x00000000adf00000, 0x00000000e0000000)
  object space 228352K, 47% used [0x00000000a0000000,0x00000000a6a40fd8,0x00000000adf00000)
 Metaspace       used 109656K, capacity 115704K, committed 115840K, reserved 1150976K
  class space    used 14063K, capacity 15195K, committed 15232K, reserved 1048576K
}
Event: 466.775 GC heap before
{Heap before GC invocations=28 (full 4):
 PSYoungGen      total 444416K, used 400669K [0x00000000e0000000, 0x0000000100000000, 0x0000000100000000)
  eden space 364544K, 100% used [0x00000000e0000000,0x00000000f6400000,0x00000000f6400000)
  from space 79872K, 45% used [0x00000000f6400000,0x00000000f8747750,0x00000000fb200000)
  to   space 76288K, 0% used [0x00000000fb580000,0x00000000fb580000,0x0000000100000000)
 ParOldGen       total 228352K, used 108803K [0x00000000a0000000, 0x00000000adf00000, 0x00000000e0000000)
  object space 228352K, 47% used [0x00000000a0000000,0x00000000a6a40fd8,0x00000000adf00000)
 Metaspace       used 110085K, capacity 116244K, committed 116480K, reserved 1150976K
  class space    used 14097K, capacity 15257K, committed 15360K, reserved 1048576K
Event: 466.811 GC heap after
Heap after GC invocations=28 (full 4):
 PSYoungGen      total 439808K, used 41965K [0x00000000e0000000, 0x00000000ffb80000, 0x0000000100000000)
  eden space 368128K, 0% used [0x00000000e0000000,0x00000000e0000000,0x00000000f6780000)
  from space 71680K, 58% used [0x00000000fb580000,0x00000000fde7b690,0x00000000ffb80000)
  to   space 75776K, 0% used [0x00000000f6780000,0x00000000f6780000,0x00000000fb180000)
 ParOldGen       total 228352K, used 108811K [0x00000000a0000000, 0x00000000adf00000, 0x00000000e0000000)
  object space 228352K, 47% used [0x00000000a0000000,0x00000000a6a42fd8,0x00000000adf00000)
 Metaspace       used 110085K, capacity 116244K, committed 116480K, reserved 1150976K
  class space    used 14097K, capacity 15257K, committed 15360K, reserved 1048576K
}

