# JRE version: Java(TM) SE Runtime Environment (8.0_112-b15) (build 1.8.0_112-b15)
# Java VM: Java HotSpot(TM) 64-Bit Server VM (25.112-b15 mixed mode windows-amd64 compressed oops)
Heap:
 PSYoungGen      total 477696K, used 445144K [0x00000000e0000000, 0x00000000ffc00000, 0x0000000100000000)
  eden space 436736K, 100% used [0x00000000e0000000,0x00000000faa80000,0x00000000faa80000)
  from space 40960K, 20% used [0x00000000faa80000,0x00000000fb2b61f8,0x00000000fd280000)
  to   space 38912K, 1% used [0x00000000fd600000,0x00000000fd690030,0x00000000ffc00000)
 ParOldGen       total 261120K, used 190235K [0x00000000a0000000, 0x00000000aff00000, 0x00000000e0000000)
  object space 261120K, 72% used [0x00000000a0000000,0x00000000ab9c8e10,0x00000000aff00000)
 Metaspace       used 94792K, capacity 100956K, committed 102016K, reserved 1136640K
  class space    used 12593K, capacity 13906K, committed 14208K, reserved 1048576K
GC Heap History (10 events):
Event: 197.371 GC heap before
{Heap before GC invocations=25 (full 4):
 PSYoungGen      total 472064K, used 436938K [0x00000000e0000000, 0x00000000ffa80000, 0x0000000100000000)
  eden space 424960K, 100% used [0x00000000e0000000,0x00000000f9f00000,0x00000000f9f00000)
  from space 47104K, 25% used [0x00000000fcc80000,0x00000000fd832890,0x00000000ffa80000)
  to   space 46592K, 0% used [0x00000000f9f00000,0x00000000f9f00000,0x00000000fcc80000)
 ParOldGen       total 261120K, used 162942K [0x00000000a0000000, 0x00000000aff00000, 0x00000000e0000000)
  object space 261120K, 62% used [0x00000000a0000000,0x00000000a9f1f9a8,0x00000000aff00000)
 Metaspace       used 93606K, capacity 99606K, committed 101248K, reserved 1136640K
  class space    used 12469K, capacity 13739K, committed 14208K, reserved 1048576K
Event: 197.398 GC heap after
Heap after GC invocations=25 (full 4):
 PSYoungGen      total 471552K, used 4915K [0x00000000e0000000, 0x00000000ffd80000, 0x0000000100000000)
  eden space 424960K, 0% used [0x00000000e0000000,0x00000000e0000000,0x00000000f9f00000)
  from space 46592K, 10% used [0x00000000f9f00000,0x00000000fa3ccd68,0x00000000fcc80000)
  to   space 45568K, 0% used [0x00000000fd100000,0x00000000fd100000,0x00000000ffd80000)
 ParOldGen       total 261120K, used 172417K [0x00000000a0000000, 0x00000000aff00000, 0x00000000e0000000)
  object space 261120K, 66% used [0x00000000a0000000,0x00000000aa8607b8,0x00000000aff00000)
 Metaspace       used 93606K, capacity 99606K, committed 101248K, reserved 1136640K
  class space    used 12469K, capacity 13739K, committed 14208K, reserved 1048576K
}
Event: 198.331 GC heap before
{Heap before GC invocations=26 (full 4):
 PSYoungGen      total 471552K, used 429875K [0x00000000e0000000, 0x00000000ffd80000, 0x0000000100000000)
  eden space 424960K, 100% used [0x00000000e0000000,0x00000000f9f00000,0x00000000f9f00000)
  from space 46592K, 10% used [0x00000000f9f00000,0x00000000fa3ccd68,0x00000000fcc80000)
  to   space 45568K, 0% used [0x00000000fd100000,0x00000000fd100000,0x00000000ffd80000)
 ParOldGen       total 261120K, used 172417K [0x00000000a0000000, 0x00000000aff00000, 0x00000000e0000000)
  object space 261120K, 66% used [0x00000000a0000000,0x00000000aa8607b8,0x00000000aff00000)
 Metaspace       used 93710K, capacity 99734K, committed 101248K, reserved 1136640K
  class space    used 12472K, capacity 13739K, committed 14208K, reserved 1048576K
Event: 198.354 GC heap after
Heap after GC invocations=26 (full 4):
 PSYoungGen      total 476672K, used 6120K [0x00000000e0000000, 0x00000000ffd00000, 0x0000000100000000)
  eden space 431616K, 0% used [0x00000000e0000000,0x00000000e0000000,0x00000000fa580000)
  from space 45056K, 13% used [0x00000000fd100000,0x00000000fd6fa3c0,0x00000000ffd00000)
  to   space 44544K, 0% used [0x00000000fa580000,0x00000000fa580000,0x00000000fd100000)
 ParOldGen       total 261120K, used 175425K [0x00000000a0000000, 0x00000000aff00000, 0x00000000e0000000)
  object space 261120K, 67% used [0x00000000a0000000,0x00000000aab507c8,0x00000000aff00000)
 Metaspace       used 93710K, capacity 99734K, committed 101248K, reserved 1136640K
  class space    used 12472K, capacity 13739K, committed 14208K, reserved 1048576K
}
Event: 199.227 GC heap before
{Heap before GC invocations=27 (full 4):
 PSYoungGen      total 476672K, used 437736K [0x00000000e0000000, 0x00000000ffd00000, 0x0000000100000000)
  eden space 431616K, 100% used [0x00000000e0000000,0x00000000fa580000,0x00000000fa580000)
  from space 45056K, 13% used [0x00000000fd100000,0x00000000fd6fa3c0,0x00000000ffd00000)
  to   space 44544K, 0% used [0x00000000fa580000,0x00000000fa580000,0x00000000fd100000)
 ParOldGen       total 261120K, used 175425K [0x00000000a0000000, 0x00000000aff00000, 0x00000000e0000000)
  object space 261120K, 67% used [0x00000000a0000000,0x00000000aab507c8,0x00000000aff00000)
 Metaspace       used 93942K, capacity 99956K, committed 101504K, reserved 1136640K
  class space    used 12501K, capacity 13782K, committed 14208K, reserved 1048576K
Event: 199.244 GC heap after
Heap after GC invocations=27 (full 4):
 PSYoungGen      total 476160K, used 7248K [0x00000000e0000000, 0x00000000ffc80000, 0x0000000100000000)
  eden space 431616K, 0% used [0x00000000e0000000,0x00000000e0000000,0x00000000fa580000)
  from space 44544K, 16% used [0x00000000fa580000,0x00000000fac94058,0x00000000fd100000)
  to   space 43008K, 0% used [0x00000000fd280000,0x00000000fd280000,0x00000000ffc80000)
 ParOldGen       total 261120K, used 180899K [0x00000000a0000000, 0x00000000aff00000, 0x00000000e0000000)
  object space 261120K, 69% used [0x00000000a0000000,0x00000000ab0a8dd0,0x00000000aff00000)
 Metaspace       used 93942K, capacity 99956K, committed 101504K, reserved 1136640K
  class space    used 12501K, capacity 13782K, committed 14208K, reserved 1048576K
}
Event: 199.893 GC heap before
{Heap before GC invocations=28 (full 4):
 PSYoungGen      total 476160K, used 438864K [0x00000000e0000000, 0x00000000ffc80000, 0x0000000100000000)
  eden space 431616K, 100% used [0x00000000e0000000,0x00000000fa580000,0x00000000fa580000)
  from space 44544K, 16% used [0x00000000fa580000,0x00000000fac94058,0x00000000fd100000)
  to   space 43008K, 0% used [0x00000000fd280000,0x00000000fd280000,0x00000000ffc80000)
 ParOldGen       total 261120K, used 180899K [0x00000000a0000000, 0x00000000aff00000, 0x00000000e0000000)
  object space 261120K, 69% used [0x00000000a0000000,0x00000000ab0a8dd0,0x00000000aff00000)
 Metaspace       used 93973K, capacity 99956K, committed 101504K, reserved 1136640K
  class space    used 12501K, capacity 13782K, committed 14208K, reserved 1048576K
Event: 199.911 GC heap after
Heap after GC invocations=28 (full 4):
 PSYoungGen      total 477696K, used 7620K [0x00000000e0000000, 0x00000000ffa80000, 0x0000000100000000)
  eden space 436736K, 0% used [0x00000000e0000000,0x00000000e0000000,0x00000000faa80000)
  from space 40960K, 18% used [0x00000000fd280000,0x00000000fd9f1138,0x00000000ffa80000)
  to   space 40960K, 0% used [0x00000000faa80000,0x00000000faa80000,0x00000000fd280000)
 ParOldGen       total 261120K, used 185415K [0x00000000a0000000, 0x00000000aff00000, 0x00000000e0000000)
  object space 261120K, 71% used [0x00000000a0000000,0x00000000ab511ea0,0x00000000aff00000)
 Metaspace       used 93973K, capacity 99956K, committed 101504K, reserved 1136640K
  class space    used 12501K, capacity 13782K, committed 14208K, reserved 1048576K
}
Event: 201.164 GC heap before
{Heap before GC invocations=29 (full 4):
 PSYoungGen      total 477696K, used 444356K [0x00000000e0000000, 0x00000000ffa80000, 0x0000000100000000)
  eden space 436736K, 100% used [0x00000000e0000000,0x00000000faa80000,0x00000000faa80000)
  from space 40960K, 18% used [0x00000000fd280000,0x00000000fd9f1138,0x00000000ffa80000)
  to   space 40960K, 0% used [0x00000000faa80000,0x00000000faa80000,0x00000000fd280000)
 ParOldGen       total 261120K, used 185415K [0x00000000a0000000, 0x00000000aff00000, 0x00000000e0000000)
  object space 261120K, 71% used [0x00000000a0000000,0x00000000ab511ea0,0x00000000aff00000)
 Metaspace       used 93989K, capacity 100020K, committed 101504K, reserved 1136640K
  class space    used 12501K, capacity 13782K, committed 14208K, reserved 1048576K
Event: 201.178 GC heap after
Heap after GC invocations=29 (full 4):
 PSYoungGen      total 477696K, used 8408K [0x00000000e0000000, 0x00000000ffc00000, 0x0000000100000000)
  eden space 436736K, 0% used [0x00000000e0000000,0x00000000e0000000,0x00000000faa80000)
  from space 40960K, 20% used [0x00000000faa80000,0x00000000fb2b61f8,0x00000000fd280000)
  to   space 38912K, 0% used [0x00000000fd600000,0x00000000fd600000,0x00000000ffc00000)
 ParOldGen       total 261120K, used 190219K [0x00000000a0000000, 0x00000000aff00000, 0x00000000e0000000)
  object space 261120K, 72% used [0x00000000a0000000,0x00000000ab9c2e10,0x00000000aff00000)
 Metaspace       used 93989K, capacity 100020K, committed 101504K, reserved 1136640K
  class space    used 12501K, capacity 13782K, committed 14208K, reserved 1048576K
}

