# JRE version: Java(TM) SE Runtime Environment (8.0_112-b15) (build 1.8.0_112-b15)
# Java VM: Java HotSpot(TM) 64-Bit Server VM (25.112-b15 mixed mode windows-amd64 compressed oops)
Heap:
 PSYoungGen      total 160768K, used 147140K [0x00000000e0000000, 0x00000000eb200000, 0x0000000100000000)
  eden space 148992K, 90% used [0x00000000e0000000,0x00000000e8435598,0x00000000e9180000)
  from space 11776K, 99% used [0x00000000ea680000,0x00000000eb1fbce0,0x00000000eb200000)
  to   space 14336K, 0% used [0x00000000e9600000,0x00000000e9600000,0x00000000ea400000)
 ParOldGen       total 78848K, used 19265K [0x00000000a0000000, 0x00000000a4d00000, 0x00000000e0000000)
  object space 78848K, 24% used [0x00000000a0000000,0x00000000a12d06f0,0x00000000a4d00000)
 Metaspace       used 54141K, capacity 56030K, committed 56320K, reserved 1097728K
  class space    used 7599K, capacity 8069K, committed 8192K, reserved 1048576K
GC Heap History (10 events):
Event: 4.587 GC heap before
{Heap before GC invocations=8 (full 1):
 PSYoungGen      total 76288K, used 66560K [0x00000000e0000000, 0x00000000e5500000, 0x0000000100000000)
  eden space 66560K, 100% used [0x00000000e0000000,0x00000000e4100000,0x00000000e4100000)
  from space 9728K, 0% used [0x00000000e4b80000,0x00000000e4b80000,0x00000000e5500000)
  to   space 10240K, 0% used [0x00000000e4100000,0x00000000e4100000,0x00000000e4b00000)
 ParOldGen       total 55296K, used 8743K [0x00000000a0000000, 0x00000000a3600000, 0x00000000e0000000)
  object space 55296K, 15% used [0x00000000a0000000,0x00000000a0889f90,0x00000000a3600000)
 Metaspace       used 29279K, capacity 29852K, committed 30208K, reserved 1075200K
  class space    used 4049K, capacity 4251K, committed 4352K, reserved 1048576K
Event: 4.597 GC heap after
Heap after GC invocations=8 (full 1):
 PSYoungGen      total 76800K, used 8640K [0x00000000e0000000, 0x00000000e8600000, 0x0000000100000000)
  eden space 66560K, 0% used [0x00000000e0000000,0x00000000e0000000,0x00000000e4100000)
  from space 10240K, 84% used [0x00000000e4100000,0x00000000e49702a8,0x00000000e4b00000)
  to   space 10752K, 0% used [0x00000000e7b80000,0x00000000e7b80000,0x00000000e8600000)
 ParOldGen       total 55296K, used 8751K [0x00000000a0000000, 0x00000000a3600000, 0x00000000e0000000)
  object space 55296K, 15% used [0x00000000a0000000,0x00000000a088bf90,0x00000000a3600000)
 Metaspace       used 29279K, capacity 29852K, committed 30208K, reserved 1075200K
  class space    used 4049K, capacity 4251K, committed 4352K, reserved 1048576K
}
Event: 5.221 GC heap before
{Heap before GC invocations=9 (full 1):
 PSYoungGen      total 76800K, used 75200K [0x00000000e0000000, 0x00000000e8600000, 0x0000000100000000)
  eden space 66560K, 100% used [0x00000000e0000000,0x00000000e4100000,0x00000000e4100000)
  from space 10240K, 84% used [0x00000000e4100000,0x00000000e49702a8,0x00000000e4b00000)
  to   space 10752K, 0% used [0x00000000e7b80000,0x00000000e7b80000,0x00000000e8600000)
 ParOldGen       total 55296K, used 8751K [0x00000000a0000000, 0x00000000a3600000, 0x00000000e0000000)
  object space 55296K, 15% used [0x00000000a0000000,0x00000000a088bf90,0x00000000a3600000)
 Metaspace       used 32367K, capacity 32916K, committed 33280K, reserved 1077248K
  class space    used 4556K, capacity 4739K, committed 4864K, reserved 1048576K
Event: 5.229 GC heap after
Heap after GC invocations=9 (full 1):
 PSYoungGen      total 123392K, used 8869K [0x00000000e0000000, 0x00000000e8500000, 0x0000000100000000)
  eden space 113664K, 0% used [0x00000000e0000000,0x00000000e0000000,0x00000000e6f00000)
  from space 9728K, 91% used [0x00000000e7b80000,0x00000000e8429410,0x00000000e8500000)
  to   space 11264K, 0% used [0x00000000e6f00000,0x00000000e6f00000,0x00000000e7a00000)
 ParOldGen       total 55296K, used 8759K [0x00000000a0000000, 0x00000000a3600000, 0x00000000e0000000)
  object space 55296K, 15% used [0x00000000a0000000,0x00000000a088df90,0x00000000a3600000)
 Metaspace       used 32367K, capacity 32916K, committed 33280K, reserved 1077248K
  class space    used 4556K, capacity 4739K, committed 4864K, reserved 1048576K
}
Event: 7.390 GC heap before
{Heap before GC invocations=10 (full 1):
 PSYoungGen      total 123392K, used 57333K [0x00000000e0000000, 0x00000000e8500000, 0x0000000100000000)
  eden space 113664K, 42% used [0x00000000e0000000,0x00000000e2f540d0,0x00000000e6f00000)
  from space 9728K, 91% used [0x00000000e7b80000,0x00000000e8429410,0x00000000e8500000)
  to   space 11264K, 0% used [0x00000000e6f00000,0x00000000e6f00000,0x00000000e7a00000)
 ParOldGen       total 55296K, used 8759K [0x00000000a0000000, 0x00000000a3600000, 0x00000000e0000000)
  object space 55296K, 15% used [0x00000000a0000000,0x00000000a088df90,0x00000000a3600000)
 Metaspace       used 34529K, capacity 35368K, committed 35416K, reserved 1079296K
  class space    used 4861K, capacity 5107K, committed 5120K, reserved 1048576K
Event: 7.397 GC heap after
Heap after GC invocations=10 (full 1):
 PSYoungGen      total 124928K, used 9120K [0x00000000e0000000, 0x00000000eb200000, 0x0000000100000000)
  eden space 113664K, 0% used [0x00000000e0000000,0x00000000e0000000,0x00000000e6f00000)
  from space 11264K, 80% used [0x00000000e6f00000,0x00000000e77e83a0,0x00000000e7a00000)
  to   space 11776K, 0% used [0x00000000ea680000,0x00000000ea680000,0x00000000eb200000)
 ParOldGen       total 55296K, used 8767K [0x00000000a0000000, 0x00000000a3600000, 0x00000000e0000000)
  object space 55296K, 15% used [0x00000000a0000000,0x00000000a088ff90,0x00000000a3600000)
 Metaspace       used 34529K, capacity 35368K, committed 35416K, reserved 1079296K
  class space    used 4861K, capacity 5107K, committed 5120K, reserved 1048576K
}
Event: 7.397 GC heap before
{Heap before GC invocations=11 (full 2):
 PSYoungGen      total 124928K, used 9120K [0x00000000e0000000, 0x00000000eb200000, 0x0000000100000000)
  eden space 113664K, 0% used [0x00000000e0000000,0x00000000e0000000,0x00000000e6f00000)
  from space 11264K, 80% used [0x00000000e6f00000,0x00000000e77e83a0,0x00000000e7a00000)
  to   space 11776K, 0% used [0x00000000ea680000,0x00000000ea680000,0x00000000eb200000)
 ParOldGen       total 55296K, used 8767K [0x00000000a0000000, 0x00000000a3600000, 0x00000000e0000000)
  object space 55296K, 15% used [0x00000000a0000000,0x00000000a088ff90,0x00000000a3600000)
 Metaspace       used 34529K, capacity 35368K, committed 35416K, reserved 1079296K
  class space    used 4861K, capacity 5107K, committed 5120K, reserved 1048576K
Event: 7.456 GC heap after
Heap after GC invocations=11 (full 2):
 PSYoungGen      total 124928K, used 0K [0x00000000e0000000, 0x00000000eb200000, 0x0000000100000000)
  eden space 113664K, 0% used [0x00000000e0000000,0x00000000e0000000,0x00000000e6f00000)
  from space 11264K, 0% used [0x00000000e6f00000,0x00000000e6f00000,0x00000000e7a00000)
  to   space 11776K, 0% used [0x00000000ea680000,0x00000000ea680000,0x00000000eb200000)
 ParOldGen       total 78848K, used 15239K [0x00000000a0000000, 0x00000000a4d00000, 0x00000000e0000000)
  object space 78848K, 19% used [0x00000000a0000000,0x00000000a0ee1ee8,0x00000000a4d00000)
 Metaspace       used 34509K, capacity 35302K, committed 35416K, reserved 1079296K
  class space    used 4855K, capacity 5096K, committed 5120K, reserved 1048576K
}
Event: 14.310 GC heap before
{Heap before GC invocations=12 (full 2):
 PSYoungGen      total 124928K, used 113664K [0x00000000e0000000, 0x00000000eb200000, 0x0000000100000000)
  eden space 113664K, 100% used [0x00000000e0000000,0x00000000e6f00000,0x00000000e6f00000)
  from space 11264K, 0% used [0x00000000e6f00000,0x00000000e6f00000,0x00000000e7a00000)
  to   space 11776K, 0% used [0x00000000ea680000,0x00000000ea680000,0x00000000eb200000)
 ParOldGen       total 78848K, used 15239K [0x00000000a0000000, 0x00000000a4d00000, 0x00000000e0000000)
  object space 78848K, 19% used [0x00000000a0000000,0x00000000a0ee1ee8,0x00000000a4d00000)
 Metaspace       used 45363K, capacity 46490K, committed 46848K, reserved 1089536K
  class space    used 6238K, capacity 6545K, committed 6656K, reserved 1048576K
Event: 14.322 GC heap after
Heap after GC invocations=12 (full 2):
 PSYoungGen      total 160768K, used 11759K [0x00000000e0000000, 0x00000000eb200000, 0x0000000100000000)
  eden space 148992K, 0% used [0x00000000e0000000,0x00000000e0000000,0x00000000e9180000)
  from space 11776K, 99% used [0x00000000ea680000,0x00000000eb1fbce0,0x00000000eb200000)
  to   space 14336K, 0% used [0x00000000e9600000,0x00000000e9600000,0x00000000ea400000)
 ParOldGen       total 78848K, used 19265K [0x00000000a0000000, 0x00000000a4d00000, 0x00000000e0000000)
  object space 78848K, 24% used [0x00000000a0000000,0x00000000a12d06f0,0x00000000a4d00000)
 Metaspace       used 45363K, capacity 46490K, committed 46848K, reserved 1089536K
  class space    used 6238K, capacity 6545K, committed 6656K, reserved 1048576K
}

