# JRE version: Java(TM) SE Runtime Environment (8.0_112-b15) (build 1.8.0_112-b15)
# Java VM: Java HotSpot(TM) 64-Bit Server VM (25.112-b15 mixed mode windows-amd64 compressed oops)
Heap:
 PSYoungGen      total 105472K, used 44226K [0x00000000e0000000, 0x00000000e8e00000, 0x0000000100000000)
  eden space 93696K, 34% used [0x00000000e0000000,0x00000000e1fb7fc0,0x00000000e5b80000)
  from space 11776K, 99% used [0x00000000e5b80000,0x00000000e66f8bb8,0x00000000e6700000)
  to   space 13824K, 0% used [0x00000000e8080000,0x00000000e8080000,0x00000000e8e00000)
 ParOldGen       total 60928K, used 18517K [0x00000000a0000000, 0x00000000a3b80000, 0x00000000e0000000)
  object space 60928K, 30% used [0x00000000a0000000,0x00000000a1215598,0x00000000a3b80000)
 Metaspace       used 46136K, capacity 47236K, committed 47488K, reserved 1089536K
  class space    used 6375K, capacity 6699K, committed 6784K, reserved 1048576K
GC Heap History (10 events):
Event: 5.755 GC heap before
{Heap before GC invocations=7 (full 1):
 PSYoungGen      total 71680K, used 66560K [0x00000000e0000000, 0x00000000e4b00000, 0x0000000100000000)
  eden space 66560K, 100% used [0x00000000e0000000,0x00000000e4100000,0x00000000e4100000)
  from space 5120K, 0% used [0x00000000e4100000,0x00000000e4100000,0x00000000e4600000)
  to   space 5120K, 0% used [0x00000000e4600000,0x00000000e4600000,0x00000000e4b00000)
 ParOldGen       total 60928K, used 9425K [0x00000000a0000000, 0x00000000a3b80000, 0x00000000e0000000)
  object space 60928K, 15% used [0x00000000a0000000,0x00000000a0934460,0x00000000a3b80000)
 Metaspace       used 29014K, capacity 29480K, committed 29824K, reserved 1075200K
  class space    used 4028K, capacity 4199K, committed 4224K, reserved 1048576K
Event: 5.762 GC heap after
Heap after GC invocations=7 (full 1):
 PSYoungGen      total 66048K, used 5101K [0x00000000e0000000, 0x00000000e7b00000, 0x0000000100000000)
  eden space 60928K, 0% used [0x00000000e0000000,0x00000000e0000000,0x00000000e3b80000)
  from space 5120K, 99% used [0x00000000e4600000,0x00000000e4afb6e8,0x00000000e4b00000)
  to   space 10752K, 0% used [0x00000000e3b80000,0x00000000e3b80000,0x00000000e4600000)
 ParOldGen       total 60928K, used 12540K [0x00000000a0000000, 0x00000000a3b80000, 0x00000000e0000000)
  object space 60928K, 20% used [0x00000000a0000000,0x00000000a0c3f030,0x00000000a3b80000)
 Metaspace       used 29014K, capacity 29480K, committed 29824K, reserved 1075200K
  class space    used 4028K, capacity 4199K, committed 4224K, reserved 1048576K
}
Event: 6.282 GC heap before
{Heap before GC invocations=8 (full 1):
 PSYoungGen      total 66048K, used 66029K [0x00000000e0000000, 0x00000000e7b00000, 0x0000000100000000)
  eden space 60928K, 100% used [0x00000000e0000000,0x00000000e3b80000,0x00000000e3b80000)
  from space 5120K, 99% used [0x00000000e4600000,0x00000000e4afb6e8,0x00000000e4b00000)
  to   space 10752K, 0% used [0x00000000e3b80000,0x00000000e3b80000,0x00000000e4600000)
 ParOldGen       total 60928K, used 12540K [0x00000000a0000000, 0x00000000a3b80000, 0x00000000e0000000)
  object space 60928K, 20% used [0x00000000a0000000,0x00000000a0c3f030,0x00000000a3b80000)
 Metaspace       used 32185K, capacity 32672K, committed 33024K, reserved 1077248K
  class space    used 4557K, capacity 4751K, committed 4864K, reserved 1048576K
Event: 6.289 GC heap after
Heap after GC invocations=8 (full 1):
 PSYoungGen      total 71680K, used 8529K [0x00000000e0000000, 0x00000000e7300000, 0x0000000100000000)
  eden space 60928K, 0% used [0x00000000e0000000,0x00000000e0000000,0x00000000e3b80000)
  from space 10752K, 79% used [0x00000000e3b80000,0x00000000e43d4720,0x00000000e4600000)
  to   space 11264K, 0% used [0x00000000e6800000,0x00000000e6800000,0x00000000e7300000)
 ParOldGen       total 60928K, used 12548K [0x00000000a0000000, 0x00000000a3b80000, 0x00000000e0000000)
  object space 60928K, 20% used [0x00000000a0000000,0x00000000a0c41030,0x00000000a3b80000)
 Metaspace       used 32185K, capacity 32672K, committed 33024K, reserved 1077248K
  class space    used 4557K, capacity 4751K, committed 4864K, reserved 1048576K
}
Event: 7.590 GC heap before
{Heap before GC invocations=9 (full 1):
 PSYoungGen      total 71680K, used 58561K [0x00000000e0000000, 0x00000000e7300000, 0x0000000100000000)
  eden space 60928K, 82% used [0x00000000e0000000,0x00000000e30dc0a8,0x00000000e3b80000)
  from space 10752K, 79% used [0x00000000e3b80000,0x00000000e43d4720,0x00000000e4600000)
  to   space 11264K, 0% used [0x00000000e6800000,0x00000000e6800000,0x00000000e7300000)
 ParOldGen       total 60928K, used 12548K [0x00000000a0000000, 0x00000000a3b80000, 0x00000000e0000000)
  object space 60928K, 20% used [0x00000000a0000000,0x00000000a0c41030,0x00000000a3b80000)
 Metaspace       used 34613K, capacity 35394K, committed 35416K, reserved 1079296K
  class space    used 4906K, capacity 5102K, committed 5120K, reserved 1048576K
Event: 7.600 GC heap after
Heap after GC invocations=9 (full 1):
 PSYoungGen      total 104448K, used 9961K [0x00000000e0000000, 0x00000000e7280000, 0x0000000100000000)
  eden space 93696K, 0% used [0x00000000e0000000,0x00000000e0000000,0x00000000e5b80000)
  from space 10752K, 92% used [0x00000000e6800000,0x00000000e71ba560,0x00000000e7280000)
  to   space 11776K, 0% used [0x00000000e5b80000,0x00000000e5b80000,0x00000000e6700000)
 ParOldGen       total 60928K, used 12556K [0x00000000a0000000, 0x00000000a3b80000, 0x00000000e0000000)
  object space 60928K, 20% used [0x00000000a0000000,0x00000000a0c43030,0x00000000a3b80000)
 Metaspace       used 34613K, capacity 35394K, committed 35416K, reserved 1079296K
  class space    used 4906K, capacity 5102K, committed 5120K, reserved 1048576K
}
Event: 7.600 GC heap before
{Heap before GC invocations=10 (full 2):
 PSYoungGen      total 104448K, used 9961K [0x00000000e0000000, 0x00000000e7280000, 0x0000000100000000)
  eden space 93696K, 0% used [0x00000000e0000000,0x00000000e0000000,0x00000000e5b80000)
  from space 10752K, 92% used [0x00000000e6800000,0x00000000e71ba560,0x00000000e7280000)
  to   space 11776K, 0% used [0x00000000e5b80000,0x00000000e5b80000,0x00000000e6700000)
 ParOldGen       total 60928K, used 12556K [0x00000000a0000000, 0x00000000a3b80000, 0x00000000e0000000)
  object space 60928K, 20% used [0x00000000a0000000,0x00000000a0c43030,0x00000000a3b80000)
 Metaspace       used 34613K, capacity 35394K, committed 35416K, reserved 1079296K
  class space    used 4906K, capacity 5102K, committed 5120K, reserved 1048576K
Event: 7.658 GC heap after
Heap after GC invocations=10 (full 2):
 PSYoungGen      total 104448K, used 0K [0x00000000e0000000, 0x00000000e7280000, 0x0000000100000000)
  eden space 93696K, 0% used [0x00000000e0000000,0x00000000e0000000,0x00000000e5b80000)
  from space 10752K, 0% used [0x00000000e6800000,0x00000000e6800000,0x00000000e7280000)
  to   space 11776K, 0% used [0x00000000e5b80000,0x00000000e5b80000,0x00000000e6700000)
 ParOldGen       total 60928K, used 16426K [0x00000000a0000000, 0x00000000a3b80000, 0x00000000e0000000)
  object space 60928K, 26% used [0x00000000a0000000,0x00000000a100aaa0,0x00000000a3b80000)
 Metaspace       used 34590K, capacity 35316K, committed 35416K, reserved 1079296K
  class space    used 4899K, capacity 5089K, committed 5120K, reserved 1048576K
}
Event: 10.878 GC heap before
{Heap before GC invocations=11 (full 2):
 PSYoungGen      total 104448K, used 93696K [0x00000000e0000000, 0x00000000e7280000, 0x0000000100000000)
  eden space 93696K, 100% used [0x00000000e0000000,0x00000000e5b80000,0x00000000e5b80000)
  from space 10752K, 0% used [0x00000000e6800000,0x00000000e6800000,0x00000000e7280000)
  to   space 11776K, 0% used [0x00000000e5b80000,0x00000000e5b80000,0x00000000e6700000)
 ParOldGen       total 60928K, used 16426K [0x00000000a0000000, 0x00000000a3b80000, 0x00000000e0000000)
  object space 60928K, 26% used [0x00000000a0000000,0x00000000a100aaa0,0x00000000a3b80000)
 Metaspace       used 44805K, capacity 45686K, committed 45952K, reserved 1089536K
  class space    used 6179K, capacity 6453K, committed 6528K, reserved 1048576K
Event: 10.887 GC heap after
Heap after GC invocations=11 (full 2):
 PSYoungGen      total 105472K, used 11746K [0x00000000e0000000, 0x00000000e8e00000, 0x0000000100000000)
  eden space 93696K, 0% used [0x00000000e0000000,0x00000000e0000000,0x00000000e5b80000)
  from space 11776K, 99% used [0x00000000e5b80000,0x00000000e66f8bb8,0x00000000e6700000)
  to   space 13824K, 0% used [0x00000000e8080000,0x00000000e8080000,0x00000000e8e00000)
 ParOldGen       total 60928K, used 18517K [0x00000000a0000000, 0x00000000a3b80000, 0x00000000e0000000)
  object space 60928K, 30% used [0x00000000a0000000,0x00000000a1215598,0x00000000a3b80000)
 Metaspace       used 44805K, capacity 45686K, committed 45952K, reserved 1089536K
  class space    used 6179K, capacity 6453K, committed 6528K, reserved 1048576K
}

