# JRE version: Java(TM) SE Runtime Environment (8.0_112-b15) (build 1.8.0_112-b15)
# Java VM: Java HotSpot(TM) 64-Bit Server VM (25.112-b15 mixed mode windows-amd64 compressed oops)
Heap:
 PSYoungGen      total 167424K, used 62419K [0x00000000e0000000, 0x00000000ec280000, 0x0000000100000000)
  eden space 154624K, 32% used [0x00000000e0000000,0x00000000e307ad18,0x00000000e9700000)
  from space 12800K, 99% used [0x00000000eb600000,0x00000000ec27a2b8,0x00000000ec280000)
  to   space 15360K, 0% used [0x00000000ea480000,0x00000000ea480000,0x00000000eb380000)
 ParOldGen       total 91648K, used 18540K [0x00000000a0000000, 0x00000000a5980000, 0x00000000e0000000)
  object space 91648K, 20% used [0x00000000a0000000,0x00000000a121b0d0,0x00000000a5980000)
 Metaspace       used 48478K, capacity 49842K, committed 50048K, reserved 1091584K
  class space    used 6650K, capacity 6972K, committed 7040K, reserved 1048576K
GC Heap History (10 events):
Event: 9.016 GC heap before
{Heap before GC invocations=6 (full 1):
 PSYoungGen      total 71680K, used 66560K [0x00000000e0000000, 0x00000000e4b00000, 0x0000000100000000)
  eden space 66560K, 100% used [0x00000000e0000000,0x00000000e4100000,0x00000000e4100000)
  from space 5120K, 0% used [0x00000000e4600000,0x00000000e4600000,0x00000000e4b00000)
  to   space 5120K, 0% used [0x00000000e4100000,0x00000000e4100000,0x00000000e4600000)
 ParOldGen       total 62976K, used 10076K [0x00000000a0000000, 0x00000000a3d80000, 0x00000000e0000000)
  object space 62976K, 16% used [0x00000000a0000000,0x00000000a09d7210,0x00000000a3d80000)
 Metaspace       used 29268K, capacity 29846K, committed 30208K, reserved 1075200K
  class space    used 4046K, capacity 4249K, committed 4352K, reserved 1048576K
Event: 9.024 GC heap after
Heap after GC invocations=6 (full 1):
 PSYoungGen      total 71680K, used 5119K [0x00000000e0000000, 0x00000000e8100000, 0x0000000100000000)
  eden space 66560K, 0% used [0x00000000e0000000,0x00000000e0000000,0x00000000e4100000)
  from space 5120K, 99% used [0x00000000e4100000,0x00000000e45fff08,0x00000000e4600000)
  to   space 12288K, 0% used [0x00000000e7500000,0x00000000e7500000,0x00000000e8100000)
 ParOldGen       total 62976K, used 13529K [0x00000000a0000000, 0x00000000a3d80000, 0x00000000e0000000)
  object space 62976K, 21% used [0x00000000a0000000,0x00000000a0d36748,0x00000000a3d80000)
 Metaspace       used 29268K, capacity 29846K, committed 30208K, reserved 1075200K
  class space    used 4046K, capacity 4249K, committed 4352K, reserved 1048576K
}
Event: 9.868 GC heap before
{Heap before GC invocations=7 (full 1):
 PSYoungGen      total 71680K, used 71679K [0x00000000e0000000, 0x00000000e8100000, 0x0000000100000000)
  eden space 66560K, 100% used [0x00000000e0000000,0x00000000e4100000,0x00000000e4100000)
  from space 5120K, 99% used [0x00000000e4100000,0x00000000e45fff08,0x00000000e4600000)
  to   space 12288K, 0% used [0x00000000e7500000,0x00000000e7500000,0x00000000e8100000)
 ParOldGen       total 62976K, used 13529K [0x00000000a0000000, 0x00000000a3d80000, 0x00000000e0000000)
  object space 62976K, 21% used [0x00000000a0000000,0x00000000a0d36748,0x00000000a3d80000)
 Metaspace       used 32355K, capacity 32916K, committed 33280K, reserved 1077248K
  class space    used 4556K, capacity 4739K, committed 4864K, reserved 1048576K
Event: 9.880 GC heap after
Heap after GC invocations=7 (full 1):
 PSYoungGen      total 119808K, used 8783K [0x00000000e0000000, 0x00000000e8400000, 0x0000000100000000)
  eden space 107520K, 0% used [0x00000000e0000000,0x00000000e0000000,0x00000000e6900000)
  from space 12288K, 71% used [0x00000000e7500000,0x00000000e7d93dd8,0x00000000e8100000)
  to   space 12288K, 0% used [0x00000000e6900000,0x00000000e6900000,0x00000000e7500000)
 ParOldGen       total 62976K, used 13537K [0x00000000a0000000, 0x00000000a3d80000, 0x00000000e0000000)
  object space 62976K, 21% used [0x00000000a0000000,0x00000000a0d38748,0x00000000a3d80000)
 Metaspace       used 32355K, capacity 32916K, committed 33280K, reserved 1077248K
  class space    used 4556K, capacity 4739K, committed 4864K, reserved 1048576K
}
Event: 12.827 GC heap before
{Heap before GC invocations=8 (full 1):
 PSYoungGen      total 119808K, used 58751K [0x00000000e0000000, 0x00000000e8400000, 0x0000000100000000)
  eden space 107520K, 46% used [0x00000000e0000000,0x00000000e30cc078,0x00000000e6900000)
  from space 12288K, 71% used [0x00000000e7500000,0x00000000e7d93dd8,0x00000000e8100000)
  to   space 12288K, 0% used [0x00000000e6900000,0x00000000e6900000,0x00000000e7500000)
 ParOldGen       total 62976K, used 13537K [0x00000000a0000000, 0x00000000a3d80000, 0x00000000e0000000)
  object space 62976K, 21% used [0x00000000a0000000,0x00000000a0d38748,0x00000000a3d80000)
 Metaspace       used 34537K, capacity 35356K, committed 35416K, reserved 1079296K
  class space    used 4860K, capacity 5105K, committed 5120K, reserved 1048576K
Event: 12.834 GC heap after
Heap after GC invocations=8 (full 1):
 PSYoungGen      total 119808K, used 10066K [0x00000000e0000000, 0x00000000ec280000, 0x0000000100000000)
  eden space 107520K, 0% used [0x00000000e0000000,0x00000000e0000000,0x00000000e6900000)
  from space 12288K, 81% used [0x00000000e6900000,0x00000000e72d4910,0x00000000e7500000)
  to   space 12800K, 0% used [0x00000000eb600000,0x00000000eb600000,0x00000000ec280000)
 ParOldGen       total 62976K, used 13545K [0x00000000a0000000, 0x00000000a3d80000, 0x00000000e0000000)
  object space 62976K, 21% used [0x00000000a0000000,0x00000000a0d3a748,0x00000000a3d80000)
 Metaspace       used 34537K, capacity 35356K, committed 35416K, reserved 1079296K
  class space    used 4860K, capacity 5105K, committed 5120K, reserved 1048576K
}
Event: 12.834 GC heap before
{Heap before GC invocations=9 (full 2):
 PSYoungGen      total 119808K, used 10066K [0x00000000e0000000, 0x00000000ec280000, 0x0000000100000000)
  eden space 107520K, 0% used [0x00000000e0000000,0x00000000e0000000,0x00000000e6900000)
  from space 12288K, 81% used [0x00000000e6900000,0x00000000e72d4910,0x00000000e7500000)
  to   space 12800K, 0% used [0x00000000eb600000,0x00000000eb600000,0x00000000ec280000)
 ParOldGen       total 62976K, used 13545K [0x00000000a0000000, 0x00000000a3d80000, 0x00000000e0000000)
  object space 62976K, 21% used [0x00000000a0000000,0x00000000a0d3a748,0x00000000a3d80000)
 Metaspace       used 34537K, capacity 35356K, committed 35416K, reserved 1079296K
  class space    used 4860K, capacity 5105K, committed 5120K, reserved 1048576K
Event: 12.889 GC heap after
Heap after GC invocations=9 (full 2):
 PSYoungGen      total 119808K, used 0K [0x00000000e0000000, 0x00000000ec280000, 0x0000000100000000)
  eden space 107520K, 0% used [0x00000000e0000000,0x00000000e0000000,0x00000000e6900000)
  from space 12288K, 0% used [0x00000000e6900000,0x00000000e6900000,0x00000000e7500000)
  to   space 12800K, 0% used [0x00000000eb600000,0x00000000eb600000,0x00000000ec280000)
 ParOldGen       total 91648K, used 16307K [0x00000000a0000000, 0x00000000a5980000, 0x00000000e0000000)
  object space 91648K, 17% used [0x00000000a0000000,0x00000000a0fecd90,0x00000000a5980000)
 Metaspace       used 34520K, capacity 35302K, committed 35416K, reserved 1079296K
  class space    used 4855K, capacity 5096K, committed 5120K, reserved 1048576K
}
Event: 26.608 GC heap before
{Heap before GC invocations=10 (full 2):
 PSYoungGen      total 119808K, used 107520K [0x00000000e0000000, 0x00000000ec280000, 0x0000000100000000)
  eden space 107520K, 100% used [0x00000000e0000000,0x00000000e6900000,0x00000000e6900000)
  from space 12288K, 0% used [0x00000000e6900000,0x00000000e6900000,0x00000000e7500000)
  to   space 12800K, 0% used [0x00000000eb600000,0x00000000eb600000,0x00000000ec280000)
 ParOldGen       total 91648K, used 16307K [0x00000000a0000000, 0x00000000a5980000, 0x00000000e0000000)
  object space 91648K, 17% used [0x00000000a0000000,0x00000000a0fecd90,0x00000000a5980000)
 Metaspace       used 44934K, capacity 46030K, committed 46208K, reserved 1089536K
  class space    used 6208K, capacity 6479K, committed 6528K, reserved 1048576K
Event: 26.621 GC heap after
Heap after GC invocations=10 (full 2):
 PSYoungGen      total 167424K, used 12776K [0x00000000e0000000, 0x00000000ec280000, 0x0000000100000000)
  eden space 154624K, 0% used [0x00000000e0000000,0x00000000e0000000,0x00000000e9700000)
  from space 12800K, 99% used [0x00000000eb600000,0x00000000ec27a2b8,0x00000000ec280000)
  to   space 15360K, 0% used [0x00000000ea480000,0x00000000ea480000,0x00000000eb380000)
 ParOldGen       total 91648K, used 18540K [0x00000000a0000000, 0x00000000a5980000, 0x00000000e0000000)
  object space 91648K, 20% used [0x00000000a0000000,0x00000000a121b0d0,0x00000000a5980000)
 Metaspace       used 44934K, capacity 46030K, committed 46208K, reserved 1089536K
  class space    used 6208K, capacity 6479K, committed 6528K, reserved 1048576K
}

