# JRE version: Java(TM) SE Runtime Environment (8.0_112-b15) (build 1.8.0_112-b15)
# Java VM: Java HotSpot(TM) 64-Bit Server VM (25.112-b15 mixed mode windows-amd64 compressed oops)
Heap:
 PSYoungGen      total 294912K, used 286794K [0x00000000e0000000, 0x00000000f7200000, 0x0000000100000000)
  eden space 227840K, 100% used [0x00000000e0000000,0x00000000ede80000,0x00000000ede80000)
  from space 67072K, 87% used [0x00000000f2800000,0x00000000f6192868,0x00000000f6980000)
  to   space 75264K, 29% used [0x00000000ede80000,0x00000000ef46b6d8,0x00000000f2800000)
 ParOldGen       total 258560K, used 160347K [0x00000000a0000000, 0x00000000afc80000, 0x00000000e0000000)
  object space 258560K, 62% used [0x00000000a0000000,0x00000000a9c96eb0,0x00000000afc80000)
 Metaspace       used 99619K, capacity 105294K, committed 105472K, reserved 1140736K
  class space    used 13186K, capacity 14274K, committed 14336K, reserved 1048576K
GC Heap History (10 events):
Event: 5990.984 GC heap before
{Heap before GC invocations=20 (full 4):
 PSYoungGen      total 264192K, used 232440K [0x00000000e0000000, 0x00000000f8f80000, 0x0000000100000000)
  eden space 230400K, 100% used [0x00000000e0000000,0x00000000ee100000,0x00000000ee100000)
  from space 33792K, 6% used [0x00000000ee100000,0x00000000ee2fe150,0x00000000f0200000)
  to   space 52736K, 0% used [0x00000000f5c00000,0x00000000f5c00000,0x00000000f8f80000)
 ParOldGen       total 258560K, used 123223K [0x00000000a0000000, 0x00000000afc80000, 0x00000000e0000000)
  object space 258560K, 47% used [0x00000000a0000000,0x00000000a7855eb8,0x00000000afc80000)
 Metaspace       used 77464K, capacity 81248K, committed 81536K, reserved 1120256K
  class space    used 10729K, capacity 11535K, committed 11648K, reserved 1048576K
Event: 5991.131 GC heap after
Heap after GC invocations=20 (full 4):
 PSYoungGen      total 287744K, used 20968K [0x00000000e0000000, 0x00000000f7080000, 0x0000000100000000)
  eden space 266752K, 0% used [0x00000000e0000000,0x00000000e0000000,0x00000000f0480000)
  from space 20992K, 99% used [0x00000000f5c00000,0x00000000f707a178,0x00000000f7080000)
  to   space 50176K, 0% used [0x00000000f0e80000,0x00000000f0e80000,0x00000000f3f80000)
 ParOldGen       total 258560K, used 125311K [0x00000000a0000000, 0x00000000afc80000, 0x00000000e0000000)
  object space 258560K, 48% used [0x00000000a0000000,0x00000000a7a5fec8,0x00000000afc80000)
 Metaspace       used 77464K, capacity 81248K, committed 81536K, reserved 1120256K
  class space    used 10729K, capacity 11535K, committed 11648K, reserved 1048576K
}
Event: 6834.750 GC heap before
{Heap before GC invocations=21 (full 4):
 PSYoungGen      total 287744K, used 287720K [0x00000000e0000000, 0x00000000f7080000, 0x0000000100000000)
  eden space 266752K, 100% used [0x00000000e0000000,0x00000000f0480000,0x00000000f0480000)
  from space 20992K, 99% used [0x00000000f5c00000,0x00000000f707a178,0x00000000f7080000)
  to   space 50176K, 0% used [0x00000000f0e80000,0x00000000f0e80000,0x00000000f3f80000)
 ParOldGen       total 258560K, used 125311K [0x00000000a0000000, 0x00000000afc80000, 0x00000000e0000000)
  object space 258560K, 48% used [0x00000000a0000000,0x00000000a7a5fec8,0x00000000afc80000)
 Metaspace       used 79646K, capacity 83912K, committed 84096K, reserved 1122304K
  class space    used 10952K, capacity 11855K, committed 11904K, reserved 1048576K
Event: 6834.791 GC heap after
Heap after GC invocations=21 (full 4):
 PSYoungGen      total 284160K, used 26260K [0x00000000e0000000, 0x00000000f5c80000, 0x0000000100000000)
  eden space 257536K, 0% used [0x00000000e0000000,0x00000000e0000000,0x00000000efb80000)
  from space 26624K, 98% used [0x00000000f0e80000,0x00000000f2825058,0x00000000f2880000)
  to   space 49664K, 0% used [0x00000000f2c00000,0x00000000f2c00000,0x00000000f5c80000)
 ParOldGen       total 258560K, used 125319K [0x00000000a0000000, 0x00000000afc80000, 0x00000000e0000000)
  object space 258560K, 48% used [0x00000000a0000000,0x00000000a7a61ec8,0x00000000afc80000)
 Metaspace       used 79646K, capacity 83912K, committed 84096K, reserved 1122304K
  class space    used 10952K, capacity 11855K, committed 11904K, reserved 1048576K
}
Event: 6869.875 GC heap before
{Heap before GC invocations=22 (full 4):
 PSYoungGen      total 284160K, used 283796K [0x00000000e0000000, 0x00000000f5c80000, 0x0000000100000000)
  eden space 257536K, 100% used [0x00000000e0000000,0x00000000efb80000,0x00000000efb80000)
  from space 26624K, 98% used [0x00000000f0e80000,0x00000000f2825058,0x00000000f2880000)
  to   space 49664K, 0% used [0x00000000f2c00000,0x00000000f2c00000,0x00000000f5c80000)
 ParOldGen       total 258560K, used 125319K [0x00000000a0000000, 0x00000000afc80000, 0x00000000e0000000)
  object space 258560K, 48% used [0x00000000a0000000,0x00000000a7a61ec8,0x00000000afc80000)
 Metaspace       used 93409K, capacity 97910K, committed 98304K, reserved 1134592K
  class space    used 12497K, capacity 13450K, committed 13568K, reserved 1048576K
Event: 6869.931 GC heap after
Heap after GC invocations=22 (full 4):
 PSYoungGen      total 293888K, used 49662K [0x00000000e0000000, 0x00000000f6e00000, 0x0000000100000000)
  eden space 244224K, 0% used [0x00000000e0000000,0x00000000e0000000,0x00000000eee80000)
  from space 49664K, 99% used [0x00000000f2c00000,0x00000000f5c7f990,0x00000000f5c80000)
  to   space 62976K, 0% used [0x00000000eee80000,0x00000000eee80000,0x00000000f2c00000)
 ParOldGen       total 258560K, used 139767K [0x00000000a0000000, 0x00000000afc80000, 0x00000000e0000000)
  object space 258560K, 54% used [0x00000000a0000000,0x00000000a887df50,0x00000000afc80000)
 Metaspace       used 93409K, capacity 97910K, committed 98304K, reserved 1134592K
  class space    used 12497K, capacity 13450K, committed 13568K, reserved 1048576K
}
Event: 6946.077 GC heap before
{Heap before GC invocations=23 (full 4):
 PSYoungGen      total 293888K, used 293886K [0x00000000e0000000, 0x00000000f6e00000, 0x0000000100000000)
  eden space 244224K, 100% used [0x00000000e0000000,0x00000000eee80000,0x00000000eee80000)
  from space 49664K, 99% used [0x00000000f2c00000,0x00000000f5c7f990,0x00000000f5c80000)
  to   space 62976K, 0% used [0x00000000eee80000,0x00000000eee80000,0x00000000f2c00000)
 ParOldGen       total 258560K, used 139767K [0x00000000a0000000, 0x00000000afc80000, 0x00000000e0000000)
  object space 258560K, 54% used [0x00000000a0000000,0x00000000a887df50,0x00000000afc80000)
 Metaspace       used 98464K, capacity 103458K, committed 103680K, reserved 1138688K
  class space    used 13070K, capacity 14068K, committed 14080K, reserved 1048576K
Event: 6946.146 GC heap after
Heap after GC invocations=23 (full 4):
 PSYoungGen      total 283136K, used 46920K [0x00000000e0000000, 0x00000000f6980000, 0x0000000100000000)
  eden space 236032K, 0% used [0x00000000e0000000,0x00000000e0000000,0x00000000ee680000)
  from space 47104K, 99% used [0x00000000eee80000,0x00000000f1c52178,0x00000000f1c80000)
  to   space 67072K, 0% used [0x00000000f2800000,0x00000000f2800000,0x00000000f6980000)
 ParOldGen       total 258560K, used 160339K [0x00000000a0000000, 0x00000000afc80000, 0x00000000e0000000)
  object space 258560K, 62% used [0x00000000a0000000,0x00000000a9c94eb0,0x00000000afc80000)
 Metaspace       used 98464K, capacity 103458K, committed 103680K, reserved 1138688K
  class space    used 13070K, capacity 14068K, committed 14080K, reserved 1048576K
}
Event: 6948.525 GC heap before
{Heap before GC invocations=24 (full 4):
 PSYoungGen      total 283136K, used 282952K [0x00000000e0000000, 0x00000000f6980000, 0x0000000100000000)
  eden space 236032K, 100% used [0x00000000e0000000,0x00000000ee680000,0x00000000ee680000)
  from space 47104K, 99% used [0x00000000eee80000,0x00000000f1c52178,0x00000000f1c80000)
  to   space 67072K, 0% used [0x00000000f2800000,0x00000000f2800000,0x00000000f6980000)
 ParOldGen       total 258560K, used 160339K [0x00000000a0000000, 0x00000000afc80000, 0x00000000e0000000)
  object space 258560K, 62% used [0x00000000a0000000,0x00000000a9c94eb0,0x00000000afc80000)
 Metaspace       used 99202K, capacity 104762K, committed 104960K, reserved 1140736K
  class space    used 13155K, capacity 14220K, committed 14336K, reserved 1048576K
Event: 6948.578 GC heap after
Heap after GC invocations=24 (full 4):
 PSYoungGen      total 294912K, used 58954K [0x00000000e0000000, 0x00000000f7200000, 0x0000000100000000)
  eden space 227840K, 0% used [0x00000000e0000000,0x00000000e0000000,0x00000000ede80000)
  from space 67072K, 87% used [0x00000000f2800000,0x00000000f6192868,0x00000000f6980000)
  to   space 75264K, 0% used [0x00000000ede80000,0x00000000ede80000,0x00000000f2800000)
 ParOldGen       total 258560K, used 160347K [0x00000000a0000000, 0x00000000afc80000, 0x00000000e0000000)
  object space 258560K, 62% used [0x00000000a0000000,0x00000000a9c96eb0,0x00000000afc80000)
 Metaspace       used 99202K, capacity 104762K, committed 104960K, reserved 1140736K
  class space    used 13155K, capacity 14220K, committed 14336K, reserved 1048576K
}

