# JRE version: OpenJDK Runtime Environment (17.0.6) (build 17.0.6+0-b2043.56-9746777)
# Java VM: OpenJDK 64-Bit Server VM (17.0.6+0-b2043.56-9746777, mixed mode, tiered, compressed oops, compressed class ptrs, g1 gc, windows-amd64)
GC Precious Log:
 CPUs: 12 total, 12 available
 Memory: 16254M
 Large Page Support: Disabled
 NUMA Support: Disabled
 Compressed Oops: Enabled (Zero based)
 Heap Region Size: 4M
 Heap Min Capacity: 8M
 Heap Initial Capacity: 256M
 Heap Max Capacity: 4608M
 Pre-touch: Disabled
 Parallel Workers: 10
 Concurrent Workers: 3
 Concurrent Refinement Workers: 10
 Periodic GC: Disabled
Heap:
 garbage-first heap   total 712704K, used 425854K [0x00000006e0000000, 0x0000000800000000)
  region size 4096K, 2 young (8192K), 2 survivors (8192K)
 Metaspace       used 152117K, committed 153536K, reserved 1187840K
  class space    used 20317K, committed 20928K, reserved 1048576K
GC Heap History (20 events):
Event: 47.388 GC heap after
{Heap after GC invocations=66 (full 0):
 garbage-first heap   total 528384K, used 273569K [0x00000006e0000000, 0x0000000800000000)
  region size 4096K, 4 young (16384K), 4 survivors (16384K)
 Metaspace       used 147037K, committed 148224K, reserved 1179648K
  class space    used 19681K, committed 20224K, reserved 1048576K
}
Event: 48.132 GC heap before
{Heap before GC invocations=66 (full 0):
 garbage-first heap   total 528384K, used 445601K [0x00000006e0000000, 0x0000000800000000)
  region size 4096K, 47 young (192512K), 4 survivors (16384K)
 Metaspace       used 147128K, committed 148352K, reserved 1179648K
  class space    used 19687K, committed 20224K, reserved 1048576K
}
Event: 48.144 GC heap after
{Heap after GC invocations=67 (full 0):
 garbage-first heap   total 528384K, used 273625K [0x00000006e0000000, 0x0000000800000000)
  region size 4096K, 3 young (12288K), 3 survivors (12288K)
 Metaspace       used 147128K, committed 148352K, reserved 1179648K
  class space    used 19687K, committed 20224K, reserved 1048576K
}
Event: 48.888 GC heap before
{Heap before GC invocations=67 (full 0):
 garbage-first heap   total 528384K, used 449753K [0x00000006e0000000, 0x0000000800000000)
  region size 4096K, 47 young (192512K), 3 survivors (12288K)
 Metaspace       used 147761K, committed 148992K, reserved 1179648K
  class space    used 19756K, committed 20288K, reserved 1048576K
}
Event: 48.901 GC heap after
{Heap after GC invocations=68 (full 0):
 garbage-first heap   total 528384K, used 287114K [0x00000006e0000000, 0x0000000800000000)
  region size 4096K, 6 young (24576K), 6 survivors (24576K)
 Metaspace       used 147761K, committed 148992K, reserved 1179648K
  class space    used 19756K, committed 20288K, reserved 1048576K
}
Event: 49.667 GC heap before
{Heap before GC invocations=68 (full 0):
 garbage-first heap   total 528384K, used 446858K [0x00000006e0000000, 0x0000000800000000)
  region size 4096K, 45 young (184320K), 6 survivors (24576K)
 Metaspace       used 150114K, committed 151296K, reserved 1179648K
  class space    used 20073K, committed 20608K, reserved 1048576K
}
Event: 49.680 GC heap after
{Heap after GC invocations=69 (full 0):
 garbage-first heap   total 528384K, used 294622K [0x00000006e0000000, 0x0000000800000000)
  region size 4096K, 3 young (12288K), 3 survivors (12288K)
 Metaspace       used 150114K, committed 151296K, reserved 1179648K
  class space    used 20073K, committed 20608K, reserved 1048576K
}
Event: 50.348 GC heap before
{Heap before GC invocations=69 (full 0):
 garbage-first heap   total 528384K, used 442078K [0x00000006e0000000, 0x0000000800000000)
  region size 4096K, 40 young (163840K), 3 survivors (12288K)
 Metaspace       used 150661K, committed 151936K, reserved 1187840K
  class space    used 20126K, committed 20672K, reserved 1048576K
}
Event: 50.358 GC heap after
{Heap after GC invocations=70 (full 0):
 garbage-first heap   total 528384K, used 301359K [0x00000006e0000000, 0x0000000800000000)
  region size 4096K, 3 young (12288K), 3 survivors (12288K)
 Metaspace       used 150661K, committed 151936K, reserved 1187840K
  class space    used 20126K, committed 20672K, reserved 1048576K
}
Event: 51.043 GC heap before
{Heap before GC invocations=70 (full 0):
 garbage-first heap   total 528384K, used 448815K [0x00000006e0000000, 0x0000000800000000)
  region size 4096K, 38 young (155648K), 3 survivors (12288K)
 Metaspace       used 151631K, committed 152832K, reserved 1187840K
  class space    used 20268K, committed 20800K, reserved 1048576K
}
Event: 51.051 GC heap after
{Heap after GC invocations=71 (full 0):
 garbage-first heap   total 528384K, used 316564K [0x00000006e0000000, 0x0000000800000000)
  region size 4096K, 5 young (20480K), 5 survivors (20480K)
 Metaspace       used 151631K, committed 152832K, reserved 1187840K
  class space    used 20268K, committed 20800K, reserved 1048576K
}
Event: 51.510 GC heap before
{Heap before GC invocations=71 (full 0):
 garbage-first heap   total 528384K, used 464020K [0x00000006e0000000, 0x0000000800000000)
  region size 4096K, 36 young (147456K), 5 survivors (20480K)
 Metaspace       used 152041K, committed 153408K, reserved 1187840K
  class space    used 20310K, committed 20928K, reserved 1048576K
}
Event: 51.539 GC heap after
{Heap after GC invocations=72 (full 0):
 garbage-first heap   total 532480K, used 371128K [0x00000006e0000000, 0x0000000800000000)
  region size 4096K, 5 young (20480K), 5 survivors (20480K)
 Metaspace       used 152041K, committed 153408K, reserved 1187840K
  class space    used 20310K, committed 20928K, reserved 1048576K
}
Event: 51.734 GC heap before
{Heap before GC invocations=72 (full 0):
 garbage-first heap   total 532480K, used 440760K [0x00000006e0000000, 0x0000000800000000)
  region size 4096K, 22 young (90112K), 5 survivors (20480K)
 Metaspace       used 152184K, committed 153472K, reserved 1187840K
  class space    used 20326K, committed 20928K, reserved 1048576K
}
Event: 51.761 GC heap after
{Heap after GC invocations=73 (full 0):
 garbage-first heap   total 532480K, used 392255K [0x00000006e0000000, 0x0000000800000000)
  region size 4096K, 3 young (12288K), 3 survivors (12288K)
 Metaspace       used 152184K, committed 153472K, reserved 1187840K
  class space    used 20326K, committed 20928K, reserved 1048576K
}
Event: 51.938 GC heap before
{Heap before GC invocations=73 (full 0):
 garbage-first heap   total 532480K, used 441407K [0x00000006e0000000, 0x0000000800000000)
  region size 4096K, 15 young (61440K), 3 survivors (12288K)
 Metaspace       used 152304K, committed 153600K, reserved 1187840K
  class space    used 20342K, committed 20928K, reserved 1048576K
}
Event: 51.962 GC heap after
{Heap after GC invocations=74 (full 0):
 garbage-first heap   total 532480K, used 409600K [0x00000006e0000000, 0x0000000800000000)
  region size 4096K, 2 young (8192K), 2 survivors (8192K)
 Metaspace       used 152304K, committed 153600K, reserved 1187840K
  class space    used 20342K, committed 20928K, reserved 1048576K
}
Event: 52.066 GC heap before
{Heap before GC invocations=74 (full 0):
 garbage-first heap   total 532480K, used 442368K [0x00000006e0000000, 0x0000000800000000)
  region size 4096K, 11 young (45056K), 2 survivors (8192K)
 Metaspace       used 152407K, committed 153664K, reserved 1187840K
  class space    used 20343K, committed 20928K, reserved 1048576K
}
Event: 52.087 GC heap after
{Heap after GC invocations=75 (full 0):
 garbage-first heap   total 532480K, used 424926K [0x00000006e0000000, 0x0000000800000000)
  region size 4096K, 2 young (8192K), 2 survivors (8192K)
 Metaspace       used 152407K, committed 153664K, reserved 1187840K
  class space    used 20343K, committed 20928K, reserved 1048576K
}
Event: 52.240 GC heap before
{Heap before GC invocations=75 (full 0):
 garbage-first heap   total 712704K, used 445406K [0x00000006e0000000, 0x0000000800000000)
  region size 4096K, 9 young (36864K), 2 survivors (8192K)
 Metaspace       used 152117K, committed 153536K, reserved 1187840K
  class space    used 20317K, committed 20928K, reserved 1048576K
}

