# JRE version: Java(TM) SE Runtime Environment (8.0_112-b15) (build 1.8.0_112-b15)
# Java VM: Java HotSpot(TM) 64-Bit Server VM (25.112-b15 mixed mode windows-amd64 compressed oops)
Heap:
 PSYoungGen      total 366592K, used 48944K [0x00000000e0000000, 0x0000000100000000, 0x0000000100000000)
  eden space 340992K, 12% used [0x00000000e0000000,0x00000000e2a5f140,0x00000000f4d00000)
  from space 25600K, 21% used [0x00000000f4d00000,0x00000000f526d2b8,0x00000000f6600000)
  to   space 45056K, 0% used [0x00000000fd400000,0x00000000fd400000,0x0000000100000000)
 ParOldGen       total 209408K, used 106084K [0x00000000a0000000, 0x00000000acc80000, 0x00000000e0000000)
  object space 209408K, 50% used [0x00000000a0000000,0x00000000a67991c0,0x00000000acc80000)
 Metaspace       used 91879K, capacity 95934K, committed 97024K, reserved 1132544K
  class space    used 12313K, capacity 13098K, committed 13312K, reserved 1048576K
GC Heap History (10 events):
Event: 10.679 GC heap before
{Heap before GC invocations=13 (full 3):
 PSYoungGen      total 267776K, used 17919K [0x00000000e0000000, 0x00000000f2080000, 0x0000000100000000)
  eden space 249856K, 0% used [0x00000000e0000000,0x00000000e0000000,0x00000000ef400000)
  from space 17920K, 99% used [0x00000000f0980000,0x00000000f1affe70,0x00000000f1b00000)
  to   space 22016K, 0% used [0x00000000ef400000,0x00000000ef400000,0x00000000f0980000)
 ParOldGen       total 73216K, used 28432K [0x00000000a0000000, 0x00000000a4780000, 0x00000000e0000000)
  object space 73216K, 38% used [0x00000000a0000000,0x00000000a1bc43e8,0x00000000a4780000)
 Metaspace       used 56865K, capacity 58980K, committed 59028K, reserved 1099776K
  class space    used 7990K, capacity 8437K, committed 8448K, reserved 1048576K
Event: 10.952 GC heap after
Heap after GC invocations=13 (full 3):
 PSYoungGen      total 267776K, used 0K [0x00000000e0000000, 0x00000000f2080000, 0x0000000100000000)
  eden space 249856K, 0% used [0x00000000e0000000,0x00000000e0000000,0x00000000ef400000)
  from space 17920K, 0% used [0x00000000f0980000,0x00000000f0980000,0x00000000f1b00000)
  to   space 22016K, 0% used [0x00000000ef400000,0x00000000ef400000,0x00000000f0980000)
 ParOldGen       total 106496K, used 36462K [0x00000000a0000000, 0x00000000a6800000, 0x00000000e0000000)
  object space 106496K, 34% used [0x00000000a0000000,0x00000000a239b978,0x00000000a6800000)
 Metaspace       used 56829K, capacity 58860K, committed 59028K, reserved 1099776K
  class space    used 7979K, capacity 8417K, committed 8448K, reserved 1048576K
}
Event: 16.625 GC heap before
{Heap before GC invocations=14 (full 3):
 PSYoungGen      total 267776K, used 249856K [0x00000000e0000000, 0x00000000f2080000, 0x0000000100000000)
  eden space 249856K, 100% used [0x00000000e0000000,0x00000000ef400000,0x00000000ef400000)
  from space 17920K, 0% used [0x00000000f0980000,0x00000000f0980000,0x00000000f1b00000)
  to   space 22016K, 0% used [0x00000000ef400000,0x00000000ef400000,0x00000000f0980000)
 ParOldGen       total 106496K, used 36462K [0x00000000a0000000, 0x00000000a6800000, 0x00000000e0000000)
  object space 106496K, 34% used [0x00000000a0000000,0x00000000a239b978,0x00000000a6800000)
 Metaspace       used 65056K, capacity 68142K, committed 68480K, reserved 1107968K
  class space    used 9088K, capacity 9730K, committed 9856K, reserved 1048576K
Event: 16.649 GC heap after
Heap after GC invocations=14 (full 3):
 PSYoungGen      total 271872K, used 18816K [0x00000000e0000000, 0x00000000f8280000, 0x0000000100000000)
  eden space 249856K, 0% used [0x00000000e0000000,0x00000000e0000000,0x00000000ef400000)
  from space 22016K, 85% used [0x00000000ef400000,0x00000000f0660210,0x00000000f0980000)
  to   space 23552K, 0% used [0x00000000f6b80000,0x00000000f6b80000,0x00000000f8280000)
 ParOldGen       total 106496K, used 36470K [0x00000000a0000000, 0x00000000a6800000, 0x00000000e0000000)
  object space 106496K, 34% used [0x00000000a0000000,0x00000000a239d978,0x00000000a6800000)
 Metaspace       used 65056K, capacity 68142K, committed 68480K, reserved 1107968K
  class space    used 9088K, capacity 9730K, committed 9856K, reserved 1048576K
}
Event: 236.515 GC heap before
{Heap before GC invocations=15 (full 3):
 PSYoungGen      total 271872K, used 268672K [0x00000000e0000000, 0x00000000f8280000, 0x0000000100000000)
  eden space 249856K, 100% used [0x00000000e0000000,0x00000000ef400000,0x00000000ef400000)
  from space 22016K, 85% used [0x00000000ef400000,0x00000000f0660210,0x00000000f0980000)
  to   space 23552K, 0% used [0x00000000f6b80000,0x00000000f6b80000,0x00000000f8280000)
 ParOldGen       total 106496K, used 36470K [0x00000000a0000000, 0x00000000a6800000, 0x00000000e0000000)
  object space 106496K, 34% used [0x00000000a0000000,0x00000000a239d978,0x00000000a6800000)
 Metaspace       used 71534K, capacity 75292K, committed 75520K, reserved 1114112K
  class space    used 9716K, capacity 10481K, committed 10496K, reserved 1048576K
Event: 236.541 GC heap after
Heap after GC invocations=15 (full 3):
 PSYoungGen      total 358400K, used 19918K [0x00000000e0000000, 0x00000000f7f00000, 0x0000000100000000)
  eden space 338432K, 0% used [0x00000000e0000000,0x00000000e0000000,0x00000000f4a80000)
  from space 19968K, 99% used [0x00000000f6b80000,0x00000000f7ef3998,0x00000000f7f00000)
  to   space 25600K, 0% used [0x00000000f4d00000,0x00000000f4d00000,0x00000000f6600000)
 ParOldGen       total 106496K, used 50483K [0x00000000a0000000, 0x00000000a6800000, 0x00000000e0000000)
  object space 106496K, 47% used [0x00000000a0000000,0x00000000a314cf90,0x00000000a6800000)
 Metaspace       used 71534K, capacity 75292K, committed 75520K, reserved 1114112K
  class space    used 9716K, capacity 10481K, committed 10496K, reserved 1048576K
}
Event: 257.623 GC heap before
{Heap before GC invocations=16 (full 3):
 PSYoungGen      total 358400K, used 358350K [0x00000000e0000000, 0x00000000f7f00000, 0x0000000100000000)
  eden space 338432K, 100% used [0x00000000e0000000,0x00000000f4a80000,0x00000000f4a80000)
  from space 19968K, 99% used [0x00000000f6b80000,0x00000000f7ef3998,0x00000000f7f00000)
  to   space 25600K, 0% used [0x00000000f4d00000,0x00000000f4d00000,0x00000000f6600000)
 ParOldGen       total 106496K, used 50483K [0x00000000a0000000, 0x00000000a6800000, 0x00000000e0000000)
  object space 106496K, 47% used [0x00000000a0000000,0x00000000a314cf90,0x00000000a6800000)
 Metaspace       used 92042K, capacity 96612K, committed 96768K, reserved 1132544K
  class space    used 12410K, capacity 13269K, committed 13312K, reserved 1048576K
Event: 257.684 GC heap after
Heap after GC invocations=16 (full 3):
 PSYoungGen      total 366592K, used 25569K [0x00000000e0000000, 0x0000000100000000, 0x0000000100000000)
  eden space 340992K, 0% used [0x00000000e0000000,0x00000000e0000000,0x00000000f4d00000)
  from space 25600K, 99% used [0x00000000f4d00000,0x00000000f65f8518,0x00000000f6600000)
  to   space 45056K, 0% used [0x00000000fd400000,0x00000000fd400000,0x0000000100000000)
 ParOldGen       total 106496K, used 93098K [0x00000000a0000000, 0x00000000a6800000, 0x00000000e0000000)
  object space 106496K, 87% used [0x00000000a0000000,0x00000000a5aea8b0,0x00000000a6800000)
 Metaspace       used 92042K, capacity 96612K, committed 96768K, reserved 1132544K
  class space    used 12410K, capacity 13269K, committed 13312K, reserved 1048576K
}
Event: 257.684 GC heap before
{Heap before GC invocations=17 (full 4):
 PSYoungGen      total 366592K, used 25569K [0x00000000e0000000, 0x0000000100000000, 0x0000000100000000)
  eden space 340992K, 0% used [0x00000000e0000000,0x00000000e0000000,0x00000000f4d00000)
  from space 25600K, 99% used [0x00000000f4d00000,0x00000000f65f8518,0x00000000f6600000)
  to   space 45056K, 0% used [0x00000000fd400000,0x00000000fd400000,0x0000000100000000)
 ParOldGen       total 106496K, used 93098K [0x00000000a0000000, 0x00000000a6800000, 0x00000000e0000000)
  object space 106496K, 87% used [0x00000000a0000000,0x00000000a5aea8b0,0x00000000a6800000)
 Metaspace       used 92042K, capacity 96612K, committed 96768K, reserved 1132544K
  class space    used 12410K, capacity 13269K, committed 13312K, reserved 1048576K
Event: 258.151 GC heap after
Heap after GC invocations=17 (full 4):
 PSYoungGen      total 366592K, used 5556K [0x00000000e0000000, 0x0000000100000000, 0x0000000100000000)
  eden space 340992K, 0% used [0x00000000e0000000,0x00000000e0000000,0x00000000f4d00000)
  from space 25600K, 21% used [0x00000000f4d00000,0x00000000f526d2b8,0x00000000f6600000)
  to   space 45056K, 0% used [0x00000000fd400000,0x00000000fd400000,0x0000000100000000)
 ParOldGen       total 209408K, used 106084K [0x00000000a0000000, 0x00000000acc80000, 0x00000000e0000000)
  object space 209408K, 50% used [0x00000000a0000000,0x00000000a67991c0,0x00000000acc80000)
 Metaspace       used 91739K, capacity 95762K, committed 96768K, reserved 1132544K
  class space    used 12310K, capacity 13098K, committed 13312K, reserved 1048576K
}

