# JRE version: OpenJDK Runtime Environment (17.0.6) (build 17.0.6+0-b2043.56-9746777)
# Java VM: OpenJDK 64-Bit Server VM (17.0.6+0-b2043.56-9746777, mixed mode, tiered, compressed oops, compressed class ptrs, g1 gc, windows-amd64)
GC Precious Log:
 CPUs: 12 total, 12 available
 Memory: 16254M
 Large Page Support: Disabled
 NUMA Support: Disabled
 Compressed Oops: Enabled (Zero based)
 Heap Region Size: 4M
 Heap Min Capacity: 8M
 Heap Initial Capacity: 256M
 Heap Max Capacity: 4608M
 Pre-touch: Disabled
 Parallel Workers: 10
 Concurrent Workers: 3
 Concurrent Refinement Workers: 10
 Periodic GC: Disabled
Heap:
 garbage-first heap   total 1507328K, used 559880K [0x00000006e0000000, 0x0000000800000000)
  region size 4096K, 50 young (204800K), 21 survivors (86016K)
 Metaspace       used 145175K, committed 146624K, reserved 1187840K
  class space    used 19660K, committed 20416K, reserved 1048576K
GC Heap History (20 events):
Event: 55.259 GC heap before
{Heap before GC invocations=70 (full 0):
 garbage-first heap   total 1044480K, used 899383K [0x00000006e0000000, 0x0000000800000000)
  region size 4096K, 43 young (176128K), 3 survivors (12288K)
 Metaspace       used 155177K, committed 156480K, reserved 1187840K
  class space    used 20869K, committed 21504K, reserved 1048576K
}
Event: 55.273 GC heap after
{Heap after GC invocations=71 (full 0):
 garbage-first heap   total 1044480K, used 744701K [0x00000006e0000000, 0x0000000800000000)
  region size 4096K, 4 young (16384K), 4 survivors (16384K)
 Metaspace       used 155177K, committed 156480K, reserved 1187840K
  class space    used 20869K, committed 21504K, reserved 1048576K
}
Event: 55.524 GC heap before
{Heap before GC invocations=71 (full 0):
 garbage-first heap   total 1044480K, used 908541K [0x00000006e0000000, 0x0000000800000000)
  region size 4096K, 44 young (180224K), 4 survivors (16384K)
 Metaspace       used 155286K, committed 156608K, reserved 1187840K
  class space    used 20870K, committed 21504K, reserved 1048576K
}
Event: 55.538 GC heap after
{Heap after GC invocations=72 (full 0):
 garbage-first heap   total 1044480K, used 749067K [0x00000006e0000000, 0x0000000800000000)
  region size 4096K, 4 young (16384K), 4 survivors (16384K)
 Metaspace       used 155286K, committed 156608K, reserved 1187840K
  class space    used 20870K, committed 21504K, reserved 1048576K
}
Event: 55.823 GC heap before
{Heap before GC invocations=72 (full 0):
 garbage-first heap   total 1044480K, used 904715K [0x00000006e0000000, 0x0000000800000000)
  region size 4096K, 42 young (172032K), 4 survivors (16384K)
 Metaspace       used 155416K, committed 156736K, reserved 1187840K
  class space    used 20870K, committed 21504K, reserved 1048576K
}
Event: 55.840 GC heap after
{Heap after GC invocations=73 (full 0):
 garbage-first heap   total 1507328K, used 749434K [0x00000006e0000000, 0x0000000800000000)
  region size 4096K, 4 young (16384K), 4 survivors (16384K)
 Metaspace       used 155416K, committed 156736K, reserved 1187840K
  class space    used 20870K, committed 21504K, reserved 1048576K
}
Event: 57.814 GC heap before
{Heap before GC invocations=74 (full 0):
 garbage-first heap   total 1507328K, used 1183610K [0x00000006e0000000, 0x0000000800000000)
  region size 4096K, 136 young (557056K), 4 survivors (16384K)
 Metaspace       used 142900K, committed 145920K, reserved 1187840K
  class space    used 19417K, committed 20416K, reserved 1048576K
}
Event: 57.849 GC heap after
{Heap after GC invocations=75 (full 0):
 garbage-first heap   total 1507328K, used 644188K [0x00000006e0000000, 0x0000000800000000)
  region size 4096K, 4 young (16384K), 4 survivors (16384K)
 Metaspace       used 142900K, committed 145920K, reserved 1187840K
  class space    used 19417K, committed 20416K, reserved 1048576K
}
Event: 57.934 GC heap before
{Heap before GC invocations=75 (full 0):
 garbage-first heap   total 1507328K, used 701532K [0x00000006e0000000, 0x0000000800000000)
  region size 4096K, 18 young (73728K), 4 survivors (16384K)
 Metaspace       used 142912K, committed 145920K, reserved 1187840K
  class space    used 19417K, committed 20416K, reserved 1048576K
}
Event: 57.999 GC heap after
{Heap after GC invocations=76 (full 0):
 garbage-first heap   total 1507328K, used 494129K [0x00000006e0000000, 0x0000000800000000)
  region size 4096K, 2 young (8192K), 2 survivors (8192K)
 Metaspace       used 142912K, committed 145920K, reserved 1187840K
  class space    used 19417K, committed 20416K, reserved 1048576K
}
Event: 58.373 GC heap before
{Heap before GC invocations=76 (full 0):
 garbage-first heap   total 1507328K, used 559665K [0x00000006e0000000, 0x0000000800000000)
  region size 4096K, 18 young (73728K), 2 survivors (8192K)
 Metaspace       used 142924K, committed 145920K, reserved 1187840K
  class space    used 19417K, committed 20416K, reserved 1048576K
}
Event: 58.423 GC heap after
{Heap after GC invocations=77 (full 0):
 garbage-first heap   total 1507328K, used 361588K [0x00000006e0000000, 0x0000000800000000)
  region size 4096K, 1 young (4096K), 1 survivors (4096K)
 Metaspace       used 142924K, committed 145920K, reserved 1187840K
  class space    used 19417K, committed 20416K, reserved 1048576K
}
Event: 60.433 GC heap before
{Heap before GC invocations=77 (full 0):
 garbage-first heap   total 1507328K, used 1254516K [0x00000006e0000000, 0x0000000800000000)
  region size 4096K, 220 young (901120K), 1 survivors (4096K)
 Metaspace       used 143186K, committed 145984K, reserved 1187840K
  class space    used 19433K, committed 20416K, reserved 1048576K
}
Event: 60.455 GC heap after
{Heap after GC invocations=78 (full 0):
 garbage-first heap   total 1507328K, used 376481K [0x00000006e0000000, 0x0000000800000000)
  region size 4096K, 5 young (20480K), 5 survivors (20480K)
 Metaspace       used 143186K, committed 145984K, reserved 1187840K
  class space    used 19433K, committed 20416K, reserved 1048576K
}
Event: 62.082 GC heap before
{Heap before GC invocations=78 (full 0):
 garbage-first heap   total 1507328K, used 1253025K [0x00000006e0000000, 0x0000000800000000)
  region size 4096K, 220 young (901120K), 5 survivors (20480K)
 Metaspace       used 143267K, committed 145984K, reserved 1187840K
  class space    used 19435K, committed 20416K, reserved 1048576K
}
Event: 62.126 GC heap after
{Heap after GC invocations=79 (full 0):
 garbage-first heap   total 1507328K, used 398695K [0x00000006e0000000, 0x0000000800000000)
  region size 4096K, 10 young (40960K), 10 survivors (40960K)
 Metaspace       used 143267K, committed 145984K, reserved 1187840K
  class space    used 19435K, committed 20416K, reserved 1048576K
}
Event: 63.994 GC heap before
{Heap before GC invocations=79 (full 0):
 garbage-first heap   total 1507328K, used 1254759K [0x00000006e0000000, 0x0000000800000000)
  region size 4096K, 220 young (901120K), 10 survivors (40960K)
 Metaspace       used 143332K, committed 145984K, reserved 1187840K
  class space    used 19435K, committed 20416K, reserved 1048576K
}
Event: 64.051 GC heap after
{Heap after GC invocations=80 (full 0):
 garbage-first heap   total 1507328K, used 413677K [0x00000006e0000000, 0x0000000800000000)
  region size 4096K, 14 young (57344K), 14 survivors (57344K)
 Metaspace       used 143332K, committed 145984K, reserved 1187840K
  class space    used 19435K, committed 20416K, reserved 1048576K
}
Event: 70.289 GC heap before
{Heap before GC invocations=80 (full 0):
 garbage-first heap   total 1507328K, used 1253357K [0x00000006e0000000, 0x0000000800000000)
  region size 4096K, 220 young (901120K), 14 survivors (57344K)
 Metaspace       used 144925K, committed 146432K, reserved 1187840K
  class space    used 19628K, committed 20416K, reserved 1048576K
}
Event: 70.360 GC heap after
{Heap after GC invocations=81 (full 0):
 garbage-first heap   total 1507328K, used 445192K [0x00000006e0000000, 0x0000000800000000)
  region size 4096K, 21 young (86016K), 21 survivors (86016K)
 Metaspace       used 144925K, committed 146432K, reserved 1187840K
  class space    used 19628K, committed 20416K, reserved 1048576K
}

